<?xml version="1.0" encoding="UTF-8"?>
<testng-results ignored="0" total="1" passed="1" failed="0" skipped="0">
  <reporter-output>
  </reporter-output>
  <suite started-at="2024-05-23T23:29:00 EDT" name="Default suite" finished-at="2024-05-23T23:29:09 EDT" duration-ms="8961">
    <groups>
    </groups>
    <test started-at="2024-05-23T23:29:00 EDT" name="Default test" finished-at="2024-05-23T23:29:09 EDT" duration-ms="8961">
      <class name="AutomationExtentReport.ExtentReportDemo">
        <test-method is-config="true" signature="config()[pri:0, instance:AutomationExtentReport.ExtentReportDemo@6d4d66d2]" started-at="2024-05-23T23:29:00 EDT" name="config" finished-at="2024-05-23T23:29:00 EDT" duration-ms="225" status="PASS">
          <reporter-output>
          </reporter-output>
        </test-method> <!-- config -->
        <test-method signature="initialDemo()[pri:0, instance:AutomationExtentReport.ExtentReportDemo@6d4d66d2]" started-at="2024-05-23T23:29:00 EDT" name="initialDemo" finished-at="2024-05-23T23:29:09 EDT" duration-ms="8702" status="PASS">
          <reporter-output>
          </reporter-output>
        </test-method> <!-- initialDemo -->
      </class> <!-- AutomationExtentReport.ExtentReportDemo -->
    </test> <!-- Default test -->
  </suite> <!-- Default suite -->
</testng-results>
